<?xml version="1.0" encoding="UTF-8"?>
<testng-results skipped="0" failed="0" ignored="0" total="1" passed="1">
  <reporter-output>
  </reporter-output>
  <suite name="Default suite" duration-ms="23510" started-at="2020-05-31T20:24:01 IST" finished-at="2020-05-31T20:24:25 IST">
    <groups>
    </groups>
    <test name="Default test" duration-ms="23510" started-at="2020-05-31T20:24:01 IST" finished-at="2020-05-31T20:24:25 IST">
      <class name="collection.Driverpage">
        <test-method status="PASS" signature="driversetup()[pri:0, instance:collection.Driverpage@67784306]" name="driversetup" duration-ms="23482" started-at="2020-05-31T20:24:01 IST" finished-at="2020-05-31T20:24:25 IST">
          <reporter-output>
          </reporter-output>
        </test-method> <!-- driversetup -->
      </class> <!-- collection.Driverpage -->
    </test> <!-- Default test -->
  </suite> <!-- Default suite -->
</testng-results>
